<?xml version="1.0" encoding="UTF-8"?>
<!-- Generated by org.testng.reporters.JUnitXMLReporter -->
<testsuite ignored="0" hostname="DESKTOP-M9K0K0L" failures="0" tests="8" name="Default test" time="7.752" errors="0" timestamp="29 Nov 2023 13:49:49 GMT">
  <testcase classname="Swag_Lab.end_To_End_testing" name="t1url" time="0.886"/>
  <testcase classname="Swag_Lab.end_To_End_testing" name="t2loginPage" time="0.687"/>
  <testcase classname="Swag_Lab.end_To_End_testing" name="t3addAllItemInToCart" time="0.521"/>
  <testcase classname="Swag_Lab.end_To_End_testing" name="t4opentheaddeditem" time="0.124"/>
  <testcase classname="Swag_Lab.end_To_End_testing" name="t5takeScreenShotAtaddedToCartPage" time="0.311"/>
  <testcase classname="Swag_Lab.end_To_End_testing" name="t6chechout" time="0.115"/>
  <testcase classname="Swag_Lab.end_To_End_testing" name="t7personalDataAdd" time="0.602"/>
  <testcase classname="Swag_Lab.end_To_End_testing" name="t8completeTheProcess" time="0.176"/>
</testsuite> <!-- Default test -->
